Starting Drain3 template miner
Checking for saved state
Restored 47 clusters built from 1017041 messages
No match found
No match found
No match found
No match found
No match found
No match found
No match found
No match found
No match found
No match found
No match found
No match found
No match found
No match found
No match found
No match found
No match found
No match found
No match found
No match found
No match found
No match found
No match found
No match found
No match found
No match found
No match found
No match found
No match found
No match found
No match found
No match found
No match found
No match found
No match found
No match found
No match found
No match found
No match found
No match found
No match found
No match found
No match found
No match found
No match found
No match found
No match found
No match found
No match found
No match found
No match found
No match found
No match found
No match found
No match found
No match found
No match found
No match found
No match found
No match found
No match found
No match found
No match found
No match found
No match found
No match found
No match found
No match found
No match found
No match found
No match found
No match found
No match found
No match found
No match found
No match found
No match found
No match found
No match found
No match found
No match found
No match found
No match found
No match found
No match found
No match found
No match found
No match found
No match found
No match found
No match found
No match found
No match found
No match found
No match found
No match found
No match found
No match found
{11: {12: {'count': 27414}, 32: {'count': 19}, 24: {'count': 242}, 9: {'count': 1}, 7: {'count': 2}}, 12: {13: {'count': 27399}, 11: {'count': 4}, 10: {'count': 2}, 18: {'count': 184}, 9: {'count': 3}, 4: {'count': 2}, 8: {'count': 2}, 6: {'count': 1}, 14: {'count': 1}}, 13: {14: {'count': 27541}, 4: {'count': 1}, 13: {'count': 2}, 7: {'count': 8}, 11: {'count': 15}, 9: {'count': 124}, 10: {'count': 6}, 1: {'count': 1}, 2: {'count': 4}, 6: {'count': 4}, 15: {'count': 1}, 22: {'count': 2}, 24: {'count': 1}}, 14: {9: {'count': 17661}, 1: {'count': 1689}, 10: {'count': 3424}, 11: {'count': 3937}, 6: {'count': 509}, 2: {'count': 433}, 4: {'count': 71}, 7: {'count': 60}, 14: {'count': 2}, 8: {'count': 66}, 15: {'count': 19}, 24: {'count': 8}, 40: {'count': 1}, 5: {'count': 1}, 22: {'count': 12}, 30: {'count': 2}, 17: {'count': 1}, 32: {'count': 7}, 19: {'count': 5}, 20: {'count': 8}, 31: {'count': 1}, 13: {'count': 3}, 43: {'count': 1}}, 9: {10: {'count': 40636}, 11: {'count': 4292}, 9: {'count': 8693}, 1: {'count': 1850}, 7: {'count': 1626}, 2: {'count': 276}, 6: {'count': 995}, 3: {'count': 1}, 4: {'count': 114}, 15: {'count': 25}, 8: {'count': 86}, 24: {'count': 8}, 31: {'count': 1}, 13: {'count': 3}, 20: {'count': 18}, 22: {'count': 10}, 35: {'count': 1}, 16: {'count': 2}, 19: {'count': 10}, 28: {'count': 2}, 30: {'count': 4}, 32: {'count': 4}}, 10: {10: {'count': 6877}, 11: {'count': 17248}, 9: {'count': 4344}, 1: {'count': 1420}, 32: {'count': 35}, 15: {'count': 56}, 4: {'count': 86}, 17: {'count': 60}, 36: {'count': 2}, 8: {'count': 3912}, 7: {'count': 23449}, 2: {'count': 349}, 6: {'count': 722}, 24: {'count': 20}, 16: {'count': 5}, 13: {'count': 2}, 20: {'count': 30}, 19: {'count': 45}, 22: {'count': 18}, 42: {'count': 5}, 30: {'count': 2}, 44: {'count': 2}, 31: {'count': 2}, 34: {'count': 1}, 21: {'count': 1}}, 1: {9: {'count': 11607}, 11: {'count': 27}, 2: {'count': 400}, 10: {'count': 135}, 6: {'count': 7}, 4: {'count': 4}, 8: {'count': 8}, 1: {'count': 2}, 7: {'count': 94}, 17: {'count': 1}, 19: {'count': 1}, 20: {'count': 4}}, 32: {11: {'count': 23}, 13: {'count': 26}, 9: {'count': 10}, 1: {'count': 2}, 15: {'count': 1}, 10: {'count': 2}, 2: {'count': 5}}, 15: {11: {'count': 34}, 10: {'count': 23}, 9: {'count': 33}, 1: {'count': 11}, 2: {'count': 60}, 22: {'count': 4}, 7: {'count': 4}, 4: {'count': 1}, 15: {'count': 6}, 8: {'count': 1}, 6: {'count': 1}, 20: {'count': 5}, 40: {'count': 1}}, 2: {3: {'count': 3965}, 9: {'count': 1}, 2: {'count': 1}}, 3: {10: {'count': 14}, 4: {'count': 3757}, 6: {'count': 134}, 2: {'count': 7}, 11: {'count': 24}, 9: {'count': 26}, 1: {'count': 1}, 7: {'count': 2}, 15: {'count': 1}, 3: {'count': 1}}, 4: {5: {'count': 3915}, 11: {'count': 241}, 9: {'count': 226}, 1: {'count': 32}, 10: {'count': 319}, 4: {'count': 6}, 6: {'count': 906}, 2: {'count': 9}, 8: {'count': 2}, 13: {'count': 2}, 7: {'count': 14}}, 5: {6: {'count': 2267}, 10: {'count': 614}, 11: {'count': 448}, 9: {'count': 418}, 4: {'count': 13}, 7: {'count': 26}, 15: {'count': 2}, 1: {'count': 70}, 2: {'count': 35}, 20: {'count': 2}, 8: {'count': 11}, 30: {'count': 6}, 19: {'count': 1}, 24: {'count': 2}, 17: {'count': 1}}, 6: {11: {'count': 142}, 1: {'count': 27}, 4: {'count': 1560}, 7: {'count': 530}, 10: {'count': 202}, 2: {'count': 97}, 6: {'count': 35}, 9: {'count': 152}, 8: {'count': 2433}, 24: {'count': 122}, 16: {'count': 19}, 12: {'count': 184}, 17: {'count': 164}, 19: {'count': 114}, 13: {'count': 1}, 22: {'count': 2}, 20: {'count': 2}, 32: {'count': 3}}, 17: {11: {'count': 29}, 2: {'count': 99}, 9: {'count': 63}, 10: {'count': 20}, 7: {'count': 4}, 22: {'count': 1}, 1: {'count': 8}, 6: {'count': 2}, 15: {'count': 1}}, 7: {10: {'count': 5733}, 11: {'count': 606}, 6: {'count': 143}, 18: {'count': 131}, 9: {'count': 12032}, 7: {'count': 1721}, 2: {'count': 300}, 13: {'count': 21}, 1: {'count': 6776}, 15: {'count': 48}, 31: {'count': 3}, 22: {'count': 12}, 4: {'count': 22}, 8: {'count': 10}, 19: {'count': 5}, 21: {'count': 1}, 44: {'count': 2}, 20: {'count': 3}, 30: {'count': 2}, 32: {'count': 1}, 39: {'count': 1}, 24: {'count': 1}, 36: {'count': 1}}, 36: {37: {'count': 3}}, 37: {38: {'count': 3}}, 38: {7: {'count': 3}}, 8: {10: {'count': 592}, 11: {'count': 521}, 1: {'count': 367}, 9: {'count': 3153}, 6: {'count': 58}, 4: {'count': 17}, 2: {'count': 1772}, 8: {'count': 41}, 22: {'count': 14}, 15: {'count': 16}, 20: {'count': 2}, 7: {'count': 17}, 28: {'count': 14}, 13: {'count': 2}, 39: {'count': 1}, 24: {'count': 3}}, 18: {14: {'count': 377}, 1: {'count': 3}, 9: {'count': 16}, 11: {'count': 6}, 10: {'count': 11}, 15: {'count': 3}, 2: {'count': 7}}, 24: {13: {'count': 244}, 2: {'count': 5}, 18: {'count': 108}, 10: {'count': 12}, 1: {'count': 13}, 9: {'count': 12}, 11: {'count': 13}, 8: {'count': 1}, 20: {'count': 1}}, 16: {1: {'count': 7}, 10: {'count': 6}, 4: {'count': 1}, 11: {'count': 9}, 6: {'count': 1}, 9: {'count': 1}, 2: {'count': 1}}, 31: {2: {'count': 9}}, 40: {10: {'count': 1}, 20: {'count': 1}}, 20: {21: {'count': 92}, 7: {'count': 1}, 11: {'count': 1}}, 21: {10: {'count': 16}, 6: {'count': 2}, 11: {'count': 26}, 20: {'count': 12}, 7: {'count': 3}, 9: {'count': 12}, 1: {'count': 3}, 22: {'count': 6}, 2: {'count': 4}, 15: {'count': 4}, 8: {'count': 3}, 4: {'count': 1}, 31: {'count': 1}}, 22: {11: {'count': 21}, 22: {'count': 6}, 2: {'count': 13}, 10: {'count': 9}, 9: {'count': 26}, 7: {'count': 2}, 20: {'count': 5}, 1: {'count': 5}, 15: {'count': 1}, 31: {'count': 1}}, 35: {10: {'count': 1}}, 19: {2: {'count': 81}, 10: {'count': 34}, 9: {'count': 40}, 7: {'count': 9}, 1: {'count': 3}, 11: {'count': 10}, 6: {'count': 2}, 24: {'count': 2}}, 42: {13: {'count': 5}}, 44: {10: {'count': 2}, 22: {'count': 2}}, 28: {29: {'count': 16}}, 29: {4: {'count': 16}}, 30: {8: {'count': 14}, 9: {'count': 1}, 10: {'count': 1}}, 34: {10: {'count': 1}, 20: {'count': 1}}, 43: {9: {'count': 1}}, 39: {34: {'count': 1}, 9: {'count': 1}}}
